build/app/intermediates/manifest_merge_blame_file/debug/manifest-merger-blame-debug-report.txt
1<?xml version="1.0" encoding="utf-8"?>
2<manifest xmlns:android="http://schemas.android.com/apk/res/android"
3    package="com.example.flutter_boilerplate"
4    android:versionCode="1"
5    android:versionName="1.2.1" >
6
7    <uses-sdk
8        android:minSdkVersion="16"
9        android:targetSdkVersion="29" />
10    <!--
11         Flutter needs it to communicate with the running application
12         to allow setting breakpoints, to provide hot reload, etc.
13    -->
14    <uses-permission android:name="android.permission.INTERNET" />
14-->src\debug\AndroidManifest.xml:6:5-66
14-->src\debug\AndroidManifest.xml:6:22-64
15    <uses-permission android:name="android.permission.READ_EXTERNAL_STORAGE" />
15-->[:image_picker] AndroidManifest.xml:7:5-80
15-->[:image_picker] AndroidManifest.xml:7:22-77
16    <uses-permission android:name="android.permission.WRITE_EXTERNAL_STORAGE" />
16-->[:image_picker] AndroidManifest.xml:8:5-81
16-->[:image_picker] AndroidManifest.xml:8:22-78
17    <uses-permission android:name="android.permission.ACCESS_NETWORK_STATE" />
17-->[:connectivity] AndroidManifest.xml:7:5-79
17-->[:connectivity] AndroidManifest.xml:7:22-76
18    <uses-permission android:name="android.permission.ACCESS_WIFI_STATE" />
18-->[:connectivity] AndroidManifest.xml:8:5-76
18-->[:connectivity] AndroidManifest.xml:8:22-73
19
20    <uses-feature
20-->[com.google.android.gms:play-services-maps:17.0.0] AndroidManifest.xml:26:5-28:35
21        android:glEsVersion="0x00020000"
21-->[com.google.android.gms:play-services-maps:17.0.0] AndroidManifest.xml:27:9-41
22        android:required="true" />
22-->[com.google.android.gms:play-services-maps:17.0.0] AndroidManifest.xml:28:9-32
23
24    <uses-permission android:name="android.permission.WAKE_LOCK" /> <!-- Required by older versions of Google Play services to create IID tokens -->
24-->[com.google.firebase:firebase-iid:20.0.0] AndroidManifest.xml:24:5-68
24-->[com.google.firebase:firebase-iid:20.0.0] AndroidManifest.xml:24:22-65
25    <uses-permission android:name="com.google.android.c2dm.permission.RECEIVE" />
25-->[com.google.firebase:firebase-iid:20.0.0] AndroidManifest.xml:26:5-82
25-->[com.google.firebase:firebase-iid:20.0.0] AndroidManifest.xml:26:22-79
26    <!--
27 io.flutter.app.FlutterApplication is an android.app.Application that
28         calls FlutterMain.startInitialization(this); in its onCreate method.
29         In most cases you can leave this as-is, but you if you want to provide
30         additional functionality it is fine to subclass or reimplement
31         FlutterApplication and put your custom class here.
32    -->
33    <application
33-->src\main\AndroidManifest.xml:8:5-46:19
34        android:name="io.flutter.app.FlutterApplication"
34-->src\main\AndroidManifest.xml:9:9-57
35        android:appComponentFactory="androidx.core.app.CoreComponentFactory"
35-->[androidx.core:core:1.1.0] AndroidManifest.xml:24:18-86
36        android:debuggable="true"
37        android:icon="@mipmap/ic_launcher"
37-->src\main\AndroidManifest.xml:11:9-43
38        android:label="flutter_boilerplate" >
38-->src\main\AndroidManifest.xml:10:9-44
39        <activity
39-->src\main\AndroidManifest.xml:12:9-40:20
40            android:name="com.example.flutter_boilerplate.MainActivity"
40-->src\main\AndroidManifest.xml:13:13-41
41            android:configChanges="orientation|keyboardHidden|keyboard|screenSize|smallestScreenSize|locale|layoutDirection|fontScale|screenLayout|density|uiMode"
41-->src\main\AndroidManifest.xml:16:13-163
42            android:hardwareAccelerated="true"
42-->src\main\AndroidManifest.xml:17:13-47
43            android:launchMode="singleTop"
43-->src\main\AndroidManifest.xml:14:13-43
44            android:theme="@style/LaunchTheme"
44-->src\main\AndroidManifest.xml:15:13-47
45            android:windowSoftInputMode="adjustResize" >
45-->src\main\AndroidManifest.xml:18:13-55
46
47            <!--
48                 Specifies an Android theme to apply to this Activity as soon as
49                 the Android process has started. This theme is visible to the user
50                 while the Flutter UI initializes. After that, this theme continues
51                 to determine the Window background behind the Flutter UI.
52            -->
53            <meta-data
53-->src\main\AndroidManifest.xml:23:13-26:17
54                android:name="io.flutter.embedding.android.NormalTheme"
54-->src\main\AndroidManifest.xml:24:15-70
55                android:resource="@style/NormalTheme" />
55-->src\main\AndroidManifest.xml:25:15-52
56            <!--
57                 Displays an Android View that continues showing the launch screen
58                 Drawable until Flutter paints its first frame, then this splash
59                 screen fades out. A splash screen is useful to avoid any visual
60                 gap between the end of Android's launch screen and the painting of
61                 Flutter's first frame.
62            -->
63            <meta-data
63-->src\main\AndroidManifest.xml:32:13-35:17
64                android:name="io.flutter.embedding.android.SplashScreenDrawable"
64-->src\main\AndroidManifest.xml:33:15-79
65                android:resource="@drawable/launch_background" />
65-->src\main\AndroidManifest.xml:34:15-61
66
67            <intent-filter>
67-->src\main\AndroidManifest.xml:36:13-39:29
68                <action android:name="android.intent.action.MAIN" />
68-->src\main\AndroidManifest.xml:37:17-68
68-->src\main\AndroidManifest.xml:37:25-66
69
70                <category android:name="android.intent.category.LAUNCHER" />
70-->src\main\AndroidManifest.xml:38:17-76
70-->src\main\AndroidManifest.xml:38:27-74
71            </intent-filter>
72        </activity>
73        <!--
74             Don't delete the meta-data below.
75             This is used by the Flutter tool to generate GeneratedPluginRegistrant.java
76        -->
77        <meta-data
77-->src\main\AndroidManifest.xml:43:9-45:33
78            android:name="flutterEmbedding"
78-->src\main\AndroidManifest.xml:44:13-44
79            android:value="2" />
79-->src\main\AndroidManifest.xml:45:13-30
80
81        <provider
81-->[:image_picker] AndroidManifest.xml:11:9-19:20
82            android:name="io.flutter.plugins.imagepicker.ImagePickerFileProvider"
82-->[:image_picker] AndroidManifest.xml:12:13-82
83            android:authorities="com.example.flutter_boilerplate.flutter.image_provider"
83-->[:image_picker] AndroidManifest.xml:13:13-74
84            android:exported="false"
84-->[:image_picker] AndroidManifest.xml:14:13-37
85            android:grantUriPermissions="true" >
85-->[:image_picker] AndroidManifest.xml:15:13-47
86            <meta-data
86-->[:image_picker] AndroidManifest.xml:16:13-18:75
87                android:name="android.support.FILE_PROVIDER_PATHS"
87-->[:image_picker] AndroidManifest.xml:17:17-67
88                android:resource="@xml/flutter_image_picker_file_paths" />
88-->[:image_picker] AndroidManifest.xml:18:17-72
89        </provider>
90
91        <service android:name="io.flutter.plugins.firebasemessaging.FlutterFirebaseMessagingService" >
91-->[:firebase_messaging] AndroidManifest.xml:8:9-12:19
91-->[:firebase_messaging] AndroidManifest.xml:8:18-101
92            <intent-filter>
92-->[:firebase_messaging] AndroidManifest.xml:9:13-11:29
93                <action android:name="com.google.firebase.MESSAGING_EVENT" />
93-->[:firebase_messaging] AndroidManifest.xml:10:17-78
93-->[:firebase_messaging] AndroidManifest.xml:10:25-75
94            </intent-filter>
95        </service>
96        <service
96-->[:firebase_messaging] AndroidManifest.xml:13:9-17:19
97            android:name="com.google.firebase.components.ComponentDiscoveryService"
97-->[:firebase_messaging] AndroidManifest.xml:13:18-89
98            android:exported="false" >
98-->[com.google.firebase:firebase-iid:20.0.0] AndroidManifest.xml:31:13-37
99            <meta-data
99-->[:firebase_messaging] AndroidManifest.xml:14:13-16:85
100                android:name="com.google.firebase.components:io.flutter.plugins.firebasemessaging.FlutterFirebaseAppRegistrar"
100-->[:firebase_messaging] AndroidManifest.xml:15:17-127
101                android:value="com.google.firebase.components.ComponentRegistrar" />
101-->[:firebase_messaging] AndroidManifest.xml:16:17-82
102            <meta-data
102-->[com.google.firebase:firebase-iid:20.0.0] AndroidManifest.xml:32:13-34:85
103                android:name="com.google.firebase.components:com.google.firebase.iid.Registrar"
103-->[com.google.firebase:firebase-iid:20.0.0] AndroidManifest.xml:33:17-96
104                android:value="com.google.firebase.components.ComponentRegistrar" />
104-->[com.google.firebase:firebase-iid:20.0.0] AndroidManifest.xml:34:17-82
105        </service>
106
107        <activity
107-->[:url_launcher] AndroidManifest.xml:8:9-11:74
108            android:name="io.flutter.plugins.urllauncher.WebViewActivity"
108-->[:url_launcher] AndroidManifest.xml:9:13-74
109            android:exported="false"
109-->[:url_launcher] AndroidManifest.xml:10:13-37
110            android:theme="@android:style/Theme.NoTitleBar.Fullscreen" /> <!-- Needs to be explicitly declared on P+ -->
110-->[:url_launcher] AndroidManifest.xml:11:13-71
111        <uses-library
111-->[com.google.android.gms:play-services-maps:17.0.0] AndroidManifest.xml:33:9-35:40
112            android:name="org.apache.http.legacy"
112-->[com.google.android.gms:play-services-maps:17.0.0] AndroidManifest.xml:34:13-50
113            android:required="false" />
113-->[com.google.android.gms:play-services-maps:17.0.0] AndroidManifest.xml:35:13-37
114        <!--
115             FirebaseMessagingService performs security checks at runtime,
116             but set to not exported to explicitly avoid allowing another app to call it.
117        -->
118        <service
118-->[com.google.firebase:firebase-messaging:20.0.0] AndroidManifest.xml:28:9-34:19
119            android:name="com.google.firebase.messaging.FirebaseMessagingService"
119-->[com.google.firebase:firebase-messaging:20.0.0] AndroidManifest.xml:29:13-82
120            android:exported="false" >
120-->[com.google.firebase:firebase-messaging:20.0.0] AndroidManifest.xml:30:13-37
121            <intent-filter android:priority="-500" >
121-->[:firebase_messaging] AndroidManifest.xml:9:13-11:29
122                <action android:name="com.google.firebase.MESSAGING_EVENT" />
122-->[:firebase_messaging] AndroidManifest.xml:10:17-78
122-->[:firebase_messaging] AndroidManifest.xml:10:25-75
123            </intent-filter>
124        </service>
125
126        <receiver
126-->[com.google.firebase:firebase-iid:20.0.0] AndroidManifest.xml:37:9-44:20
127            android:name="com.google.firebase.iid.FirebaseInstanceIdReceiver"
127-->[com.google.firebase:firebase-iid:20.0.0] AndroidManifest.xml:38:13-78
128            android:exported="true"
128-->[com.google.firebase:firebase-iid:20.0.0] AndroidManifest.xml:39:13-36
129            android:permission="com.google.android.c2dm.permission.SEND" >
129-->[com.google.firebase:firebase-iid:20.0.0] AndroidManifest.xml:40:13-73
130            <intent-filter>
130-->[com.google.firebase:firebase-iid:20.0.0] AndroidManifest.xml:41:13-43:29
131                <action android:name="com.google.android.c2dm.intent.RECEIVE" />
131-->[com.google.firebase:firebase-iid:20.0.0] AndroidManifest.xml:42:17-81
131-->[com.google.firebase:firebase-iid:20.0.0] AndroidManifest.xml:42:25-78
132            </intent-filter>
133        </receiver>
134
135        <activity
135-->[com.google.android.gms:play-services-base:17.0.0] AndroidManifest.xml:23:9-26:75
136            android:name="com.google.android.gms.common.api.GoogleApiActivity"
136-->[com.google.android.gms:play-services-base:17.0.0] AndroidManifest.xml:24:13-79
137            android:exported="false"
137-->[com.google.android.gms:play-services-base:17.0.0] AndroidManifest.xml:25:13-37
138            android:theme="@android:style/Theme.Translucent.NoTitleBar" />
138-->[com.google.android.gms:play-services-base:17.0.0] AndroidManifest.xml:26:13-72
139
140        <provider
140-->[com.google.firebase:firebase-common:19.0.0] AndroidManifest.xml:12:9-16:39
141            android:name="com.google.firebase.provider.FirebaseInitProvider"
141-->[com.google.firebase:firebase-common:19.0.0] AndroidManifest.xml:13:13-77
142            android:authorities="com.example.flutter_boilerplate.firebaseinitprovider"
142-->[com.google.firebase:firebase-common:19.0.0] AndroidManifest.xml:14:13-72
143            android:exported="false"
143-->[com.google.firebase:firebase-common:19.0.0] AndroidManifest.xml:15:13-37
144            android:initOrder="100" />
144-->[com.google.firebase:firebase-common:19.0.0] AndroidManifest.xml:16:13-36
145
146        <meta-data
146-->[com.google.android.gms:play-services-basement:17.0.0] AndroidManifest.xml:23:9-25:69
147            android:name="com.google.android.gms.version"
147-->[com.google.android.gms:play-services-basement:17.0.0] AndroidManifest.xml:24:13-58
148            android:value="@integer/google_play_services_version" />
148-->[com.google.android.gms:play-services-basement:17.0.0] AndroidManifest.xml:25:13-66
149    </application>
150
151</manifest>